Building DAG of jobs...
Using shell: /Users/DaoduR-Dev/.nextstrain/runtimes/conda/env/bin/bash
Provided cores: 1 (use --cores to define parallelism)
Rules claiming more threads will be scaled down.
Job stats:
job                         count
------------------------  -------
align_and_extract_region        3
all                             1
convert_nt_to_aa                3
encode_sequences                3
make_predictions_save           3
statistics                      3
total                          16

Select jobs to execute...

[Sat Jul  6 07:55:16 2024]
rule align_and_extract_region:
    input: raw_data/Adesina_et_al_2023_EMI.fasta, config/NC_004296.fasta
    output: results/Adesina_et_al_2023_EMI_extracted_GPC_sequences.fasta
    jobid: 12
    reason: Missing output files: results/Adesina_et_al_2023_EMI_extracted_GPC_sequences.fasta
    wildcards: analysis_name=Adesina_et_al_2023_EMI
    resources: tmpdir=/var/folders/g7/y30snjzj1v59zhtg_wv0j_dw0000gp/T

[Sat Jul  6 07:55:18 2024]
Finished job 12.
1 of 16 steps (6%) done
Select jobs to execute...

[Sat Jul  6 07:55:18 2024]
rule align_and_extract_region:
    input: raw_data/All_LASV_06_07_24.fasta, config/NC_004296.fasta
    output: results/All_LASV_06_07_24_extracted_GPC_sequences.fasta
    jobid: 4
    reason: Missing output files: results/All_LASV_06_07_24_extracted_GPC_sequences.fasta
    wildcards: analysis_name=All_LASV_06_07_24
    resources: tmpdir=/var/folders/g7/y30snjzj1v59zhtg_wv0j_dw0000gp/T

[Sat Jul  6 07:55:27 2024]
Finished job 4.
2 of 16 steps (12%) done
Select jobs to execute...

[Sat Jul  6 07:55:27 2024]
rule convert_nt_to_aa:
    input: results/Adesina_et_al_2023_EMI_extracted_GPC_sequences.fasta
    output: results/Adesina_et_al_2023_EMI_extracted_GPC_sequences_aa.fasta
    jobid: 11
    reason: Missing output files: results/Adesina_et_al_2023_EMI_extracted_GPC_sequences_aa.fasta; Input files updated by another job: results/Adesina_et_al_2023_EMI_extracted_GPC_sequences.fasta
    wildcards: analysis_name=Adesina_et_al_2023_EMI
    resources: tmpdir=/var/folders/g7/y30snjzj1v59zhtg_wv0j_dw0000gp/T

[Sat Jul  6 07:55:29 2024]
Finished job 11.
3 of 16 steps (19%) done
Select jobs to execute...

[Sat Jul  6 07:55:29 2024]
rule convert_nt_to_aa:
    input: results/All_LASV_06_07_24_extracted_GPC_sequences.fasta
    output: results/All_LASV_06_07_24_extracted_GPC_sequences_aa.fasta
    jobid: 3
    reason: Missing output files: results/All_LASV_06_07_24_extracted_GPC_sequences_aa.fasta; Input files updated by another job: results/All_LASV_06_07_24_extracted_GPC_sequences.fasta
    wildcards: analysis_name=All_LASV_06_07_24
    resources: tmpdir=/var/folders/g7/y30snjzj1v59zhtg_wv0j_dw0000gp/T

[Sat Jul  6 07:55:30 2024]
Finished job 3.
4 of 16 steps (25%) done
Select jobs to execute...

[Sat Jul  6 07:55:30 2024]
rule encode_sequences:
    input: results/All_LASV_06_07_24_extracted_GPC_sequences_aa.fasta
    output: results/All_LASV_06_07_24_extracted_GPC_sequences_aa_encoded.csv
    jobid: 2
    reason: Missing output files: results/All_LASV_06_07_24_extracted_GPC_sequences_aa_encoded.csv; Input files updated by another job: results/All_LASV_06_07_24_extracted_GPC_sequences_aa.fasta
    wildcards: analysis_name=All_LASV_06_07_24
    resources: tmpdir=/var/folders/g7/y30snjzj1v59zhtg_wv0j_dw0000gp/T

[Sat Jul  6 07:55:41 2024]
Finished job 2.
5 of 16 steps (31%) done
Select jobs to execute...

[Sat Jul  6 07:55:41 2024]
rule encode_sequences:
    input: results/Adesina_et_al_2023_EMI_extracted_GPC_sequences_aa.fasta
    output: results/Adesina_et_al_2023_EMI_extracted_GPC_sequences_aa_encoded.csv
    jobid: 10
    reason: Missing output files: results/Adesina_et_al_2023_EMI_extracted_GPC_sequences_aa_encoded.csv; Input files updated by another job: results/Adesina_et_al_2023_EMI_extracted_GPC_sequences_aa.fasta
    wildcards: analysis_name=Adesina_et_al_2023_EMI
    resources: tmpdir=/var/folders/g7/y30snjzj1v59zhtg_wv0j_dw0000gp/T

[Sat Jul  6 07:55:43 2024]
Finished job 10.
6 of 16 steps (38%) done
Select jobs to execute...

[Sat Jul  6 07:55:43 2024]
rule make_predictions_save:
    input: results/Adesina_et_al_2023_EMI_extracted_GPC_sequences_aa_encoded.csv
    output: predictions/Adesina_et_al_2023_EMI_LASV_lin_pred.csv
    jobid: 9
    reason: Missing output files: predictions/Adesina_et_al_2023_EMI_LASV_lin_pred.csv; Input files updated by another job: results/Adesina_et_al_2023_EMI_extracted_GPC_sequences_aa_encoded.csv
    wildcards: analysis_name=Adesina_et_al_2023_EMI
    resources: tmpdir=/var/folders/g7/y30snjzj1v59zhtg_wv0j_dw0000gp/T

[Sat Jul  6 07:55:46 2024]
Finished job 9.
7 of 16 steps (44%) done
Select jobs to execute...

[Sat Jul  6 07:55:46 2024]
rule align_and_extract_region:
    input: raw_data/Bangura_et_al_2024_EMI.fasta, config/NC_004296.fasta
    output: results/Bangura_et_al_2024_EMI_extracted_GPC_sequences.fasta
    jobid: 8
    reason: Missing output files: results/Bangura_et_al_2024_EMI_extracted_GPC_sequences.fasta
    wildcards: analysis_name=Bangura_et_al_2024_EMI
    resources: tmpdir=/var/folders/g7/y30snjzj1v59zhtg_wv0j_dw0000gp/T

[Sat Jul  6 07:55:48 2024]
Finished job 8.
8 of 16 steps (50%) done
Select jobs to execute...

[Sat Jul  6 07:55:48 2024]
rule convert_nt_to_aa:
    input: results/Bangura_et_al_2024_EMI_extracted_GPC_sequences.fasta
    output: results/Bangura_et_al_2024_EMI_extracted_GPC_sequences_aa.fasta
    jobid: 7
    reason: Missing output files: results/Bangura_et_al_2024_EMI_extracted_GPC_sequences_aa.fasta; Input files updated by another job: results/Bangura_et_al_2024_EMI_extracted_GPC_sequences.fasta
    wildcards: analysis_name=Bangura_et_al_2024_EMI
    resources: tmpdir=/var/folders/g7/y30snjzj1v59zhtg_wv0j_dw0000gp/T

[Sat Jul  6 07:55:49 2024]
Finished job 7.
9 of 16 steps (56%) done
Select jobs to execute...

[Sat Jul  6 07:55:49 2024]
rule encode_sequences:
    input: results/Bangura_et_al_2024_EMI_extracted_GPC_sequences_aa.fasta
    output: results/Bangura_et_al_2024_EMI_extracted_GPC_sequences_aa_encoded.csv
    jobid: 6
    reason: Missing output files: results/Bangura_et_al_2024_EMI_extracted_GPC_sequences_aa_encoded.csv; Input files updated by another job: results/Bangura_et_al_2024_EMI_extracted_GPC_sequences_aa.fasta
    wildcards: analysis_name=Bangura_et_al_2024_EMI
    resources: tmpdir=/var/folders/g7/y30snjzj1v59zhtg_wv0j_dw0000gp/T

[Sat Jul  6 07:55:51 2024]
Finished job 6.
10 of 16 steps (62%) done
Select jobs to execute...

[Sat Jul  6 07:55:51 2024]
rule make_predictions_save:
    input: results/Bangura_et_al_2024_EMI_extracted_GPC_sequences_aa_encoded.csv
    output: predictions/Bangura_et_al_2024_EMI_LASV_lin_pred.csv
    jobid: 5
    reason: Missing output files: predictions/Bangura_et_al_2024_EMI_LASV_lin_pred.csv; Input files updated by another job: results/Bangura_et_al_2024_EMI_extracted_GPC_sequences_aa_encoded.csv
    wildcards: analysis_name=Bangura_et_al_2024_EMI
    resources: tmpdir=/var/folders/g7/y30snjzj1v59zhtg_wv0j_dw0000gp/T

[Sat Jul  6 07:55:54 2024]
Finished job 5.
11 of 16 steps (69%) done
Select jobs to execute...

[Sat Jul  6 07:55:54 2024]
rule statistics:
    input: predictions/Bangura_et_al_2024_EMI_LASV_lin_pred.csv
    output: visuals/Bangura_et_al_2024_EMI_LASV_lin_pred.html
    jobid: 14
    reason: Missing output files: visuals/Bangura_et_al_2024_EMI_LASV_lin_pred.html; Input files updated by another job: predictions/Bangura_et_al_2024_EMI_LASV_lin_pred.csv
    wildcards: analysis_name=Bangura_et_al_2024_EMI
    resources: tmpdir=/var/folders/g7/y30snjzj1v59zhtg_wv0j_dw0000gp/T

[Sat Jul  6 07:55:56 2024]
Finished job 14.
12 of 16 steps (75%) done
Select jobs to execute...

[Sat Jul  6 07:55:56 2024]
rule statistics:
    input: predictions/Adesina_et_al_2023_EMI_LASV_lin_pred.csv
    output: visuals/Adesina_et_al_2023_EMI_LASV_lin_pred.html
    jobid: 15
    reason: Missing output files: visuals/Adesina_et_al_2023_EMI_LASV_lin_pred.html; Input files updated by another job: predictions/Adesina_et_al_2023_EMI_LASV_lin_pred.csv
    wildcards: analysis_name=Adesina_et_al_2023_EMI
    resources: tmpdir=/var/folders/g7/y30snjzj1v59zhtg_wv0j_dw0000gp/T

[Sat Jul  6 07:55:58 2024]
Finished job 15.
13 of 16 steps (81%) done
Select jobs to execute...

[Sat Jul  6 07:55:58 2024]
rule make_predictions_save:
    input: results/All_LASV_06_07_24_extracted_GPC_sequences_aa_encoded.csv
    output: predictions/All_LASV_06_07_24_LASV_lin_pred.csv
    jobid: 1
    reason: Missing output files: predictions/All_LASV_06_07_24_LASV_lin_pred.csv; Input files updated by another job: results/All_LASV_06_07_24_extracted_GPC_sequences_aa_encoded.csv
    wildcards: analysis_name=All_LASV_06_07_24
    resources: tmpdir=/var/folders/g7/y30snjzj1v59zhtg_wv0j_dw0000gp/T

[Sat Jul  6 07:56:02 2024]
Finished job 1.
14 of 16 steps (88%) done
Select jobs to execute...

[Sat Jul  6 07:56:02 2024]
rule statistics:
    input: predictions/All_LASV_06_07_24_LASV_lin_pred.csv
    output: visuals/All_LASV_06_07_24_LASV_lin_pred.html
    jobid: 13
    reason: Missing output files: visuals/All_LASV_06_07_24_LASV_lin_pred.html; Input files updated by another job: predictions/All_LASV_06_07_24_LASV_lin_pred.csv
    wildcards: analysis_name=All_LASV_06_07_24
    resources: tmpdir=/var/folders/g7/y30snjzj1v59zhtg_wv0j_dw0000gp/T

[Sat Jul  6 07:56:04 2024]
Finished job 13.
15 of 16 steps (94%) done
Select jobs to execute...

[Sat Jul  6 07:56:04 2024]
localrule all:
    input: predictions/All_LASV_06_07_24_LASV_lin_pred.csv, predictions/Bangura_et_al_2024_EMI_LASV_lin_pred.csv, predictions/Adesina_et_al_2023_EMI_LASV_lin_pred.csv, visuals/All_LASV_06_07_24_LASV_lin_pred.html, visuals/Bangura_et_al_2024_EMI_LASV_lin_pred.html, visuals/Adesina_et_al_2023_EMI_LASV_lin_pred.html
    jobid: 0
    reason: Input files updated by another job: visuals/Bangura_et_al_2024_EMI_LASV_lin_pred.html, predictions/All_LASV_06_07_24_LASV_lin_pred.csv, visuals/Adesina_et_al_2023_EMI_LASV_lin_pred.html, predictions/Bangura_et_al_2024_EMI_LASV_lin_pred.csv, visuals/All_LASV_06_07_24_LASV_lin_pred.html, predictions/Adesina_et_al_2023_EMI_LASV_lin_pred.csv
    resources: tmpdir=/var/folders/g7/y30snjzj1v59zhtg_wv0j_dw0000gp/T

[Sat Jul  6 07:56:04 2024]
Finished job 0.
16 of 16 steps (100%) done
Complete log: .snakemake/log/2024-07-06T075514.573107.snakemake.log
