Building DAG of jobs...
Using shell: /Users/DaoduR-Dev/.nextstrain/runtimes/conda/env/bin/bash
Provided cores: 1 (use --cores to define parallelism)
Rules claiming more threads will be scaled down.
Job stats:
job           count
----------  -------
all               1
statistics        3
total             4

Select jobs to execute...

[Sat Jul  6 08:10:43 2024]
rule statistics:
    input: predictions/Bangura_et_al_2024_EMI_LASV_lin_pred.csv
    output: visuals/Bangura_et_al_2024_EMI_LASV_lin_pred.html
    jobid: 14
    reason: Params have changed since last execution
    wildcards: analysis_name=Bangura_et_al_2024_EMI
    resources: tmpdir=/var/folders/g7/y30snjzj1v59zhtg_wv0j_dw0000gp/T

[Sat Jul  6 08:10:45 2024]
Finished job 14.
1 of 4 steps (25%) done
Select jobs to execute...

[Sat Jul  6 08:10:45 2024]
rule statistics:
    input: predictions/Adesina_et_al_2023_EMI_LASV_lin_pred.csv
    output: visuals/Adesina_et_al_2023_EMI_LASV_lin_pred.html
    jobid: 15
    reason: Params have changed since last execution
    wildcards: analysis_name=Adesina_et_al_2023_EMI
    resources: tmpdir=/var/folders/g7/y30snjzj1v59zhtg_wv0j_dw0000gp/T

[Sat Jul  6 08:10:47 2024]
Finished job 15.
2 of 4 steps (50%) done
Select jobs to execute...

[Sat Jul  6 08:10:47 2024]
rule statistics:
    input: predictions/All_LASV_06_07_24_LASV_lin_pred.csv
    output: visuals/All_LASV_06_07_24_LASV_lin_pred.html
    jobid: 13
    reason: Params have changed since last execution
    wildcards: analysis_name=All_LASV_06_07_24
    resources: tmpdir=/var/folders/g7/y30snjzj1v59zhtg_wv0j_dw0000gp/T

[Sat Jul  6 08:10:49 2024]
Finished job 13.
3 of 4 steps (75%) done
Select jobs to execute...

[Sat Jul  6 08:10:49 2024]
localrule all:
    input: predictions/All_LASV_06_07_24_LASV_lin_pred.csv, predictions/Bangura_et_al_2024_EMI_LASV_lin_pred.csv, predictions/Adesina_et_al_2023_EMI_LASV_lin_pred.csv, visuals/All_LASV_06_07_24_LASV_lin_pred.html, visuals/Bangura_et_al_2024_EMI_LASV_lin_pred.html, visuals/Adesina_et_al_2023_EMI_LASV_lin_pred.html
    jobid: 0
    reason: Input files updated by another job: visuals/All_LASV_06_07_24_LASV_lin_pred.html, visuals/Adesina_et_al_2023_EMI_LASV_lin_pred.html, visuals/Bangura_et_al_2024_EMI_LASV_lin_pred.html
    resources: tmpdir=/var/folders/g7/y30snjzj1v59zhtg_wv0j_dw0000gp/T

[Sat Jul  6 08:10:49 2024]
Finished job 0.
4 of 4 steps (100%) done
Complete log: .snakemake/log/2024-07-06T081041.376549.snakemake.log
